<?xml version="1.0" encoding="UTF-8"?>
<coverage generated="1773493807864" clover="3.2.0">
  <project timestamp="1773493807864" name="All files">
    <metrics statements="88" coveredstatements="84" conditionals="18" coveredconditionals="15" methods="16" coveredmethods="16" elements="122" coveredelements="115" complexity="0" loc="88" ncloc="88" packages="1" files="2" classes="2"/>
    <file name="fetch.js" path="/home/runner/work/salesforce-field-inspector/salesforce-field-inspector/scripts/lib/fetch.js">
      <metrics statements="46" coveredstatements="42" conditionals="10" coveredconditionals="7" methods="6" coveredmethods="6"/>
      <line num="3" count="1" type="stmt"/>
      <line num="7" count="1" type="stmt"/>
      <line num="8" count="1" type="stmt"/>
      <line num="10" count="1" type="stmt"/>
      <line num="18" count="18" type="cond" truecount="2" falsecount="0"/>
      <line num="27" count="8" type="stmt"/>
      <line num="28" count="8" type="stmt"/>
      <line num="31" count="8" type="stmt"/>
      <line num="32" count="8" type="stmt"/>
      <line num="35" count="8" type="cond" truecount="2" falsecount="0"/>
      <line num="36" count="1" type="stmt"/>
      <line num="37" count="1" type="stmt"/>
      <line num="38" count="1" type="stmt"/>
      <line num="42" count="8" type="stmt"/>
      <line num="57" count="7" type="stmt"/>
      <line num="58" count="7" type="stmt"/>
      <line num="59" count="7" type="stmt"/>
      <line num="61" count="7" type="stmt"/>
      <line num="63" count="7" type="stmt"/>
      <line num="66" count="7" type="stmt"/>
      <line num="67" count="7" type="stmt"/>
      <line num="69" count="7" type="cond" truecount="1" falsecount="1"/>
      <line num="71" count="7" type="stmt"/>
      <line num="74" count="0" type="cond" truecount="0" falsecount="2"/>
      <line num="77" count="0" type="stmt"/>
      <line num="83" count="0" type="stmt"/>
      <line num="86" count="0" type="stmt"/>
      <line num="89" count="7" type="stmt"/>
      <line num="98" count="8" type="stmt"/>
      <line num="99" count="8" type="stmt"/>
      <line num="101" count="8" type="stmt"/>
      <line num="103" count="8" type="stmt"/>
      <line num="104" count="9" type="stmt"/>
      <line num="105" count="8" type="cond" truecount="2" falsecount="0"/>
      <line num="106" count="2" type="stmt"/>
      <line num="108" count="8" type="stmt"/>
      <line num="109" count="8" type="stmt"/>
      <line num="111" count="8" type="stmt"/>
      <line num="112" count="8" type="stmt"/>
      <line num="113" count="7" type="stmt"/>
      <line num="114" count="7" type="stmt"/>
      <line num="115" count="7" type="stmt"/>
      <line num="116" count="7" type="stmt"/>
      <line num="117" count="7" type="stmt"/>
      <line num="120" count="8" type="stmt"/>
      <line num="122" count="8" type="stmt"/>
    </file>
    <file name="output.js" path="/home/runner/work/salesforce-field-inspector/salesforce-field-inspector/scripts/lib/output.js">
      <metrics statements="42" coveredstatements="42" conditionals="8" coveredconditionals="8" methods="10" coveredmethods="10"/>
      <line num="4" count="1" type="stmt"/>
      <line num="28" count="270" type="cond" truecount="4" falsecount="0"/>
      <line num="29" count="252" type="stmt"/>
      <line num="30" count="252" type="cond" truecount="2" falsecount="0"/>
      <line num="31" count="2" type="stmt"/>
      <line num="33" count="250" type="stmt"/>
      <line num="42" count="3" type="stmt"/>
      <line num="49" count="3" type="stmt"/>
      <line num="50" count="3" type="stmt"/>
      <line num="51" count="3" type="stmt"/>
      <line num="60" count="7" type="stmt"/>
      <line num="61" count="7" type="stmt"/>
      <line num="62" count="180" type="stmt"/>
      <line num="64" count="7" type="stmt"/>
      <line num="66" count="7" type="stmt"/>
      <line num="67" count="7" type="stmt"/>
      <line num="68" count="7" type="stmt"/>
      <line num="77" count="7" type="stmt"/>
      <line num="78" count="7" type="stmt"/>
      <line num="79" count="14" type="stmt"/>
      <line num="80" count="14" type="cond" truecount="2" falsecount="0"/>
      <line num="81" count="13" type="stmt"/>
      <line num="83" count="14" type="stmt"/>
      <line num="85" count="7" type="stmt"/>
      <line num="95" count="4" type="stmt"/>
      <line num="97" count="4" type="stmt"/>
      <line num="98" count="4" type="stmt"/>
      <line num="100" count="4" type="stmt"/>
      <line num="101" count="7" type="stmt"/>
      <line num="107" count="7" type="stmt"/>
      <line num="108" count="7" type="stmt"/>
      <line num="111" count="4" type="stmt"/>
      <line num="121" count="3" type="stmt"/>
      <line num="123" count="3" type="stmt"/>
      <line num="125" count="3" type="stmt"/>
      <line num="126" count="3" type="stmt"/>
      <line num="127" count="6" type="stmt"/>
      <line num="128" count="90" type="stmt"/>
      <line num="130" count="6" type="stmt"/>
      <line num="131" count="6" type="stmt"/>
      <line num="132" count="6" type="stmt"/>
      <line num="135" count="3" type="stmt"/>
    </file>
  </project>
</coverage>
