{"/home/runner/work/salesforce-field-inspector/salesforce-field-inspector/scripts/lib/fetch.js": {"path":"/home/runner/work/salesforce-field-inspector/salesforce-field-inspector/scripts/lib/fetch.js","statementMap":{"0":{"start":{"line":3,"column":26},"end":{"line":3,"column":43}},"1":{"start":{"line":7,"column":19},"end":{"line":7,"column":20}},"2":{"start":{"line":8,"column":18},"end":{"line":8,"column":22}},"3":{"start":{"line":10,"column":19},"end":{"line":10,"column":23}},"4":{"start":{"line":18,"column":2},"end":{"line":18,"column":null}},"5":{"start":{"line":27,"column":12},"end":{"line":27,"column":14}},"6":{"start":{"line":28,"column":15},"end":{"line":30,"column":3}},"7":{"start":{"line":31,"column":2},"end":{"line":33,"column":null}},"8":{"start":{"line":32,"column":4},"end":{"line":32,"column":null}},"9":{"start":{"line":35,"column":2},"end":{"line":40,"column":null}},"10":{"start":{"line":36,"column":4},"end":{"line":36,"column":null}},"11":{"start":{"line":37,"column":4},"end":{"line":39,"column":null}},"12":{"start":{"line":38,"column":6},"end":{"line":38,"column":null}},"13":{"start":{"line":42,"column":2},"end":{"line":42,"column":null}},"14":{"start":{"line":57,"column":17},"end":{"line":57,"column":60}},"15":{"start":{"line":57,"column":39},"end":{"line":57,"column":48}},"16":{"start":{"line":58,"column":16},"end":{"line":58,"column":18}},"17":{"start":{"line":59,"column":15},"end":{"line":59,"column":16}},"18":{"start":{"line":61,"column":2},"end":{"line":87,"column":null}},"19":{"start":{"line":63,"column":6},"end":{"line":65,"column":83}},"20":{"start":{"line":66,"column":19},"end":{"line":66,"column":55}},"21":{"start":{"line":67,"column":4},"end":{"line":67,"column":null}},"22":{"start":{"line":69,"column":4},"end":{"line":72,"column":null}},"23":{"start":{"line":71,"column":6},"end":{"line":71,"column":null}},"24":{"start":{"line":74,"column":4},"end":{"line":84,"column":null}},"25":{"start":{"line":77,"column":6},"end":{"line":82,"column":null}},"26":{"start":{"line":83,"column":6},"end":{"line":83,"column":null}},"27":{"start":{"line":86,"column":4},"end":{"line":86,"column":null}},"28":{"start":{"line":89,"column":2},"end":{"line":89,"column":null}},"29":{"start":{"line":98,"column":19},"end":{"line":98,"column":54}},"30":{"start":{"line":99,"column":21},"end":{"line":99,"column":58}},"31":{"start":{"line":101,"column":2},"end":{"line":101,"column":null}},"32":{"start":{"line":103,"column":23},"end":{"line":103,"column":65}},"33":{"start":{"line":104,"column":27},"end":{"line":104,"column":77}},"34":{"start":{"line":104,"column":55},"end":{"line":104,"column":76}},"35":{"start":{"line":105,"column":2},"end":{"line":107,"column":null}},"36":{"start":{"line":106,"column":4},"end":{"line":106,"column":null}},"37":{"start":{"line":108,"column":25},"end":{"line":108,"column":62}},"38":{"start":{"line":109,"column":2},"end":{"line":109,"column":null}},"39":{"start":{"line":111,"column":16},"end":{"line":111,"column":18}},"40":{"start":{"line":112,"column":2},"end":{"line":118,"column":null}},"41":{"start":{"line":112,"column":15},"end":{"line":112,"column":16}},"42":{"start":{"line":113,"column":18},"end":{"line":113,"column":57}},"43":{"start":{"line":114,"column":25},"end":{"line":114,"column":75}},"44":{"start":{"line":115,"column":4},"end":{"line":115,"column":null}},"45":{"start":{"line":116,"column":22},"end":{"line":116,"column":69}},"46":{"start":{"line":117,"column":4},"end":{"line":117,"column":null}},"47":{"start":{"line":120,"column":2},"end":{"line":120,"column":null}},"48":{"start":{"line":122,"column":2},"end":{"line":122,"column":null}}},"fnMap":{"0":{"name":"isValidDurableId","decl":{"start":{"line":17,"column":9},"end":{"line":17,"column":25}},"loc":{"start":{"line":17,"column":30},"end":{"line":19,"column":null}},"line":17},"1":{"name":"fetchEntityDefinitionIds","decl":{"start":{"line":26,"column":15},"end":{"line":26,"column":39}},"loc":{"start":{"line":26,"column":52},"end":{"line":43,"column":null}},"line":26},"2":{"name":"fetchFieldDefinitionBatch","decl":{"start":{"line":56,"column":15},"end":{"line":56,"column":40}},"loc":{"start":{"line":56,"column":64},"end":{"line":90,"column":null}},"line":56},"3":{"name":"(anonymous_3)","decl":{"start":{"line":57,"column":31},"end":{"line":57,"column":32}},"loc":{"start":{"line":57,"column":39},"end":{"line":57,"column":48}},"line":57},"4":{"name":"fetchFieldDefinitions","decl":{"start":{"line":97,"column":22},"end":{"line":97,"column":43}},"loc":{"start":{"line":97,"column":54},"end":{"line":123,"column":null}},"line":97},"5":{"name":"(anonymous_5)","decl":{"start":{"line":104,"column":47},"end":{"line":104,"column":48}},"loc":{"start":{"line":104,"column":55},"end":{"line":104,"column":76}},"line":104}},"branchMap":{"0":{"loc":{"start":{"line":18,"column":9},"end":{"line":18,"column":61}},"type":"binary-expr","locations":[{"start":{"line":18,"column":9},"end":{"line":18,"column":31}},{"start":{"line":18,"column":35},"end":{"line":18,"column":61}}],"line":18},"1":{"loc":{"start":{"line":35,"column":9},"end":{"line":35,"column":46}},"type":"binary-expr","locations":[{"start":{"line":35,"column":9},"end":{"line":35,"column":21}},{"start":{"line":35,"column":25},"end":{"line":35,"column":46}}],"line":35},"2":{"loc":{"start":{"line":69,"column":4},"end":{"line":72,"column":null}},"type":"if","locations":[{"start":{"line":69,"column":4},"end":{"line":72,"column":null}},{"start":{},"end":{}}],"line":69},"3":{"loc":{"start":{"line":74,"column":4},"end":{"line":84,"column":null}},"type":"if","locations":[{"start":{"line":74,"column":4},"end":{"line":84,"column":null}},{"start":{},"end":{}}],"line":74},"4":{"loc":{"start":{"line":105,"column":2},"end":{"line":107,"column":null}},"type":"if","locations":[{"start":{"line":105,"column":2},"end":{"line":107,"column":null}},{"start":{},"end":{}}],"line":105}},"s":{"0":1,"1":1,"2":1,"3":1,"4":18,"5":8,"6":8,"7":8,"8":8,"9":8,"10":1,"11":1,"12":1,"13":8,"14":7,"15":7,"16":7,"17":7,"18":7,"19":7,"20":7,"21":7,"22":7,"23":7,"24":0,"25":0,"26":0,"27":0,"28":7,"29":8,"30":8,"31":8,"32":8,"33":8,"34":9,"35":8,"36":2,"37":8,"38":8,"39":8,"40":8,"41":8,"42":7,"43":7,"44":7,"45":7,"46":7,"47":8,"48":8},"f":{"0":18,"1":8,"2":7,"3":7,"4":8,"5":9},"b":{"0":[18,18],"1":[8,1],"2":[7,0],"3":[0,0],"4":[2,6]},"meta":{"lastBranch":5,"lastFunction":6,"lastStatement":49,"seen":{"s:3:26:3:43":0,"s:7:19:7:20":1,"s:8:18:8:22":2,"s:10:19:10:23":3,"f:17:9:17:25":0,"s:18:2:18:Infinity":4,"b:18:9:18:31:18:35:18:61":0,"f:26:15:26:39":1,"s:27:12:27:14":5,"s:28:15:30:3":6,"s:31:2:33:Infinity":7,"s:32:4:32:Infinity":8,"s:35:2:40:Infinity":9,"b:35:9:35:21:35:25:35:46":1,"s:36:4:36:Infinity":10,"s:37:4:39:Infinity":11,"s:38:6:38:Infinity":12,"s:42:2:42:Infinity":13,"f:56:15:56:40":2,"s:57:17:57:60":14,"f:57:31:57:32":3,"s:57:39:57:48":15,"s:58:16:58:18":16,"s:59:15:59:16":17,"s:61:2:87:Infinity":18,"s:63:6:65:83":19,"s:66:19:66:55":20,"s:67:4:67:Infinity":21,"b:69:4:72:Infinity:undefined:undefined:undefined:undefined":2,"s:69:4:72:Infinity":22,"s:71:6:71:Infinity":23,"b:74:4:84:Infinity:undefined:undefined:undefined:undefined":3,"s:74:4:84:Infinity":24,"s:77:6:82:Infinity":25,"s:83:6:83:Infinity":26,"s:86:4:86:Infinity":27,"s:89:2:89:Infinity":28,"f:97:22:97:43":4,"s:98:19:98:54":29,"s:99:21:99:58":30,"s:101:2:101:Infinity":31,"s:103:23:103:65":32,"s:104:27:104:77":33,"f:104:47:104:48":5,"s:104:55:104:76":34,"b:105:2:107:Infinity:undefined:undefined:undefined:undefined":4,"s:105:2:107:Infinity":35,"s:106:4:106:Infinity":36,"s:108:25:108:62":37,"s:109:2:109:Infinity":38,"s:111:16:111:18":39,"s:112:2:118:Infinity":40,"s:112:15:112:16":41,"s:113:18:113:57":42,"s:114:25:114:75":43,"s:115:4:115:Infinity":44,"s:116:22:116:69":45,"s:117:4:117:Infinity":46,"s:120:2:120:Infinity":47,"s:122:2:122:Infinity":48}}}
,"/home/runner/work/salesforce-field-inspector/salesforce-field-inspector/scripts/lib/output.js": {"path":"/home/runner/work/salesforce-field-inspector/salesforce-field-inspector/scripts/lib/output.js","statementMap":{"0":{"start":{"line":4,"column":19},"end":{"line":20,"column":1}},"1":{"start":{"line":28,"column":2},"end":{"line":28,"column":null}},"2":{"start":{"line":28,"column":45},"end":{"line":28,"column":null}},"3":{"start":{"line":29,"column":14},"end":{"line":29,"column":27}},"4":{"start":{"line":30,"column":2},"end":{"line":32,"column":null}},"5":{"start":{"line":31,"column":4},"end":{"line":31,"column":null}},"6":{"start":{"line":33,"column":2},"end":{"line":33,"column":null}},"7":{"start":{"line":42,"column":17},"end":{"line":47,"column":3}},"8":{"start":{"line":49,"column":2},"end":{"line":49,"column":null}},"9":{"start":{"line":50,"column":2},"end":{"line":50,"column":null}},"10":{"start":{"line":51,"column":2},"end":{"line":51,"column":null}},"11":{"start":{"line":60,"column":17},"end":{"line":60,"column":37}},"12":{"start":{"line":61,"column":15},"end":{"line":63,"column":3}},"13":{"start":{"line":62,"column":4},"end":{"line":62,"column":null}},"14":{"start":{"line":62,"column":30},"end":{"line":62,"column":59}},"15":{"start":{"line":64,"column":14},"end":{"line":64,"column":53}},"16":{"start":{"line":66,"column":2},"end":{"line":66,"column":null}},"17":{"start":{"line":67,"column":2},"end":{"line":67,"column":null}},"18":{"start":{"line":68,"column":2},"end":{"line":68,"column":null}},"19":{"start":{"line":77,"column":19},"end":{"line":77,"column":28}},"20":{"start":{"line":78,"column":2},"end":{"line":84,"column":null}},"21":{"start":{"line":79,"column":21},"end":{"line":79,"column":46}},"22":{"start":{"line":80,"column":4},"end":{"line":82,"column":null}},"23":{"start":{"line":81,"column":6},"end":{"line":81,"column":null}},"24":{"start":{"line":83,"column":4},"end":{"line":83,"column":null}},"25":{"start":{"line":85,"column":2},"end":{"line":85,"column":null}},"26":{"start":{"line":95,"column":2},"end":{"line":95,"column":null}},"27":{"start":{"line":97,"column":20},"end":{"line":97,"column":44}},"28":{"start":{"line":98,"column":19},"end":{"line":98,"column":53}},"29":{"start":{"line":100,"column":2},"end":{"line":109,"column":null}},"30":{"start":{"line":101,"column":19},"end":{"line":106,"column":5}},"31":{"start":{"line":107,"column":22},"end":{"line":107,"column":61}},"32":{"start":{"line":108,"column":4},"end":{"line":108,"column":null}},"33":{"start":{"line":111,"column":2},"end":{"line":111,"column":null}},"34":{"start":{"line":121,"column":2},"end":{"line":121,"column":null}},"35":{"start":{"line":123,"column":19},"end":{"line":123,"column":53}},"36":{"start":{"line":125,"column":17},"end":{"line":125,"column":37}},"37":{"start":{"line":126,"column":2},"end":{"line":133,"column":null}},"38":{"start":{"line":127,"column":17},"end":{"line":129,"column":5}},"39":{"start":{"line":128,"column":6},"end":{"line":128,"column":null}},"40":{"start":{"line":128,"column":32},"end":{"line":128,"column":61}},"41":{"start":{"line":130,"column":16},"end":{"line":130,"column":55}},"42":{"start":{"line":131,"column":22},"end":{"line":131,"column":60}},"43":{"start":{"line":132,"column":4},"end":{"line":132,"column":null}},"44":{"start":{"line":135,"column":2},"end":{"line":135,"column":null}}},"fnMap":{"0":{"name":"escapeCsvValue","decl":{"start":{"line":27,"column":9},"end":{"line":27,"column":23}},"loc":{"start":{"line":27,"column":31},"end":{"line":34,"column":null}},"line":27},"1":{"name":"saveResults","decl":{"start":{"line":41,"column":22},"end":{"line":41,"column":33}},"loc":{"start":{"line":41,"column":52},"end":{"line":52,"column":null}},"line":41},"2":{"name":"saveResultsAsCsv","decl":{"start":{"line":59,"column":22},"end":{"line":59,"column":38}},"loc":{"start":{"line":59,"column":57},"end":{"line":69,"column":null}},"line":59},"3":{"name":"(anonymous_3)","decl":{"start":{"line":61,"column":32},"end":{"line":61,"column":33}},"loc":{"start":{"line":62,"column":4},"end":{"line":62,"column":null}},"line":62},"4":{"name":"(anonymous_4)","decl":{"start":{"line":62,"column":19},"end":{"line":62,"column":20}},"loc":{"start":{"line":62,"column":30},"end":{"line":62,"column":59}},"line":62},"5":{"name":"groupRecordsByEntity","decl":{"start":{"line":76,"column":9},"end":{"line":76,"column":29}},"loc":{"start":{"line":76,"column":39},"end":{"line":86,"column":null}},"line":76},"6":{"name":"saveResultsPerObject","decl":{"start":{"line":94,"column":22},"end":{"line":94,"column":42}},"loc":{"start":{"line":94,"column":60},"end":{"line":112,"column":null}},"line":94},"7":{"name":"saveResultsAsCsvPerObject","decl":{"start":{"line":120,"column":22},"end":{"line":120,"column":47}},"loc":{"start":{"line":120,"column":65},"end":{"line":136,"column":null}},"line":120},"8":{"name":"(anonymous_8)","decl":{"start":{"line":127,"column":29},"end":{"line":127,"column":30}},"loc":{"start":{"line":128,"column":6},"end":{"line":128,"column":null}},"line":128},"9":{"name":"(anonymous_9)","decl":{"start":{"line":128,"column":21},"end":{"line":128,"column":22}},"loc":{"start":{"line":128,"column":32},"end":{"line":128,"column":61}},"line":128}},"branchMap":{"0":{"loc":{"start":{"line":28,"column":2},"end":{"line":28,"column":null}},"type":"if","locations":[{"start":{"line":28,"column":2},"end":{"line":28,"column":null}},{"start":{},"end":{}}],"line":28},"1":{"loc":{"start":{"line":28,"column":6},"end":{"line":28,"column":43}},"type":"binary-expr","locations":[{"start":{"line":28,"column":6},"end":{"line":28,"column":20}},{"start":{"line":28,"column":24},"end":{"line":28,"column":43}}],"line":28},"2":{"loc":{"start":{"line":30,"column":2},"end":{"line":32,"column":null}},"type":"if","locations":[{"start":{"line":30,"column":2},"end":{"line":32,"column":null}},{"start":{},"end":{}}],"line":30},"3":{"loc":{"start":{"line":80,"column":4},"end":{"line":82,"column":null}},"type":"if","locations":[{"start":{"line":80,"column":4},"end":{"line":82,"column":null}},{"start":{},"end":{}}],"line":80}},"s":{"0":1,"1":270,"2":18,"3":252,"4":252,"5":2,"6":250,"7":3,"8":3,"9":3,"10":3,"11":7,"12":7,"13":12,"14":180,"15":7,"16":7,"17":7,"18":7,"19":7,"20":7,"21":14,"22":14,"23":13,"24":14,"25":7,"26":4,"27":4,"28":4,"29":4,"30":7,"31":7,"32":7,"33":4,"34":3,"35":3,"36":3,"37":3,"38":6,"39":6,"40":90,"41":6,"42":6,"43":6,"44":3},"f":{"0":270,"1":3,"2":7,"3":12,"4":180,"5":7,"6":4,"7":3,"8":6,"9":90},"b":{"0":[18,252],"1":[270,252],"2":[2,250],"3":[13,1]},"meta":{"lastBranch":4,"lastFunction":10,"lastStatement":45,"seen":{"s:4:19:20:1":0,"f:27:9:27:23":0,"b:28:2:28:Infinity:undefined:undefined:undefined:undefined":0,"s:28:2:28:Infinity":1,"b:28:6:28:20:28:24:28:43":1,"s:28:45:28:Infinity":2,"s:29:14:29:27":3,"b:30:2:32:Infinity:undefined:undefined:undefined:undefined":2,"s:30:2:32:Infinity":4,"s:31:4:31:Infinity":5,"s:33:2:33:Infinity":6,"f:41:22:41:33":1,"s:42:17:47:3":7,"s:49:2:49:Infinity":8,"s:50:2:50:Infinity":9,"s:51:2:51:Infinity":10,"f:59:22:59:38":2,"s:60:17:60:37":11,"s:61:15:63:3":12,"f:61:32:61:33":3,"s:62:4:62:Infinity":13,"f:62:19:62:20":4,"s:62:30:62:59":14,"s:64:14:64:53":15,"s:66:2:66:Infinity":16,"s:67:2:67:Infinity":17,"s:68:2:68:Infinity":18,"f:76:9:76:29":5,"s:77:19:77:28":19,"s:78:2:84:Infinity":20,"s:79:21:79:46":21,"b:80:4:82:Infinity:undefined:undefined:undefined:undefined":3,"s:80:4:82:Infinity":22,"s:81:6:81:Infinity":23,"s:83:4:83:Infinity":24,"s:85:2:85:Infinity":25,"f:94:22:94:42":6,"s:95:2:95:Infinity":26,"s:97:20:97:44":27,"s:98:19:98:53":28,"s:100:2:109:Infinity":29,"s:101:19:106:5":30,"s:107:22:107:61":31,"s:108:4:108:Infinity":32,"s:111:2:111:Infinity":33,"f:120:22:120:47":7,"s:121:2:121:Infinity":34,"s:123:19:123:53":35,"s:125:17:125:37":36,"s:126:2:133:Infinity":37,"s:127:17:129:5":38,"f:127:29:127:30":8,"s:128:6:128:Infinity":39,"f:128:21:128:22":9,"s:128:32:128:61":40,"s:130:16:130:55":41,"s:131:22:131:60":42,"s:132:4:132:Infinity":43,"s:135:2:135:Infinity":44}}}
}
